<?xml version="1.0" encoding="utf-8"?><testsuites name="pytest tests"><testsuite name="pytest" errors="0" failures="0" skipped="0" tests="18" time="81.866" timestamp="2026-04-16T15:16:47.644801+00:00" hostname="agent-env-a6bcb158-d78f-4c76-ad04-ffa5a0711861"><testcase classname="backend.tests.test_tilt_api.TestHealthEndpoint" name="test_health_returns_200" time="0.003" /><testcase classname="backend.tests.test_tilt_api.TestHealthEndpoint" name="test_health_response_structure" time="0.002" /><testcase classname="backend.tests.test_tilt_api.TestAssistEndpoint" name="test_assist_basic_message" time="2.878" /><testcase classname="backend.tests.test_tilt_api.TestAssistEndpoint" name="test_assist_with_screen_context" time="6.096" /><testcase classname="backend.tests.test_tilt_api.TestAssistEndpoint" name="test_assist_with_conversation_history" time="9.460" /><testcase classname="backend.tests.test_tilt_api.TestAssistEndpoint" name="test_assist_with_all_parameters" time="6.540" /><testcase classname="backend.tests.test_tilt_api.TestAssistEndpoint" name="test_assist_missing_message" time="0.002" /><testcase classname="backend.tests.test_tilt_api.TestAnalyzeScreenEndpoint" name="test_analyze_screen_accepts_base64_image" time="3.649" /><testcase classname="backend.tests.test_tilt_api.TestAnalyzeScreenEndpoint" name="test_analyze_screen_response_structure" time="3.516" /><testcase classname="backend.tests.test_tilt_api.TestAnalyzeScreenEndpoint" name="test_analyze_screen_with_data_uri_prefix" time="2.709" /><testcase classname="backend.tests.test_tilt_api.TestAnalyzeScreenEndpoint" name="test_analyze_screen_missing_image" time="0.002" /><testcase classname="backend.tests.test_tilt_api.TestGenerateDecisionsEndpoint" name="test_generate_decisions_basic" time="8.427" /><testcase classname="backend.tests.test_tilt_api.TestGenerateDecisionsEndpoint" name="test_generate_decisions_response_structure" time="7.845" /><testcase classname="backend.tests.test_tilt_api.TestGenerateDecisionsEndpoint" name="test_generate_decisions_with_context" time="7.080" /><testcase classname="backend.tests.test_tilt_api.TestGenerateDecisionsEndpoint" name="test_generate_decisions_with_preferences" time="8.496" /><testcase classname="backend.tests.test_tilt_api.TestGenerateDecisionsEndpoint" name="test_generate_decisions_with_all_params" time="7.631" /><testcase classname="backend.tests.test_tilt_api.TestGenerateDecisionsEndpoint" name="test_generate_decisions_missing_input_text" time="0.002" /><testcase classname="backend.tests.test_tilt_api.TestIntegrationFlow" name="test_full_flow_analyze_then_decide" time="7.425" /></testsuite></testsuites>