<?xml version="1.0" encoding="utf-8"?><testsuites name="pytest tests"><testsuite name="pytest" errors="0" failures="0" skipped="0" tests="24" time="104.255" timestamp="2026-04-16T15:37:28.104414+00:00" hostname="agent-env-a6bcb158-d78f-4c76-ad04-ffa5a0711861"><testcase classname="backend.tests.test_tilt_api.TestHealthEndpoint" name="test_health_returns_200" time="0.004" /><testcase classname="backend.tests.test_tilt_api.TestHealthEndpoint" name="test_health_response_structure" time="0.003" /><testcase classname="backend.tests.test_tilt_api.TestAssistEndpoint" name="test_assist_basic_message" time="3.436" /><testcase classname="backend.tests.test_tilt_api.TestAssistEndpoint" name="test_assist_with_screen_context" time="4.721" /><testcase classname="backend.tests.test_tilt_api.TestAssistEndpoint" name="test_assist_with_conversation_history" time="7.488" /><testcase classname="backend.tests.test_tilt_api.TestAssistEndpoint" name="test_assist_with_all_parameters" time="5.160" /><testcase classname="backend.tests.test_tilt_api.TestAssistEndpoint" name="test_assist_missing_message" time="0.002" /><testcase classname="backend.tests.test_tilt_api.TestAnalyzeScreenEndpoint" name="test_analyze_screen_accepts_base64_image" time="2.716" /><testcase classname="backend.tests.test_tilt_api.TestAnalyzeScreenEndpoint" name="test_analyze_screen_response_structure" time="3.476" /><testcase classname="backend.tests.test_tilt_api.TestAnalyzeScreenEndpoint" name="test_analyze_screen_with_data_uri_prefix" time="3.250" /><testcase classname="backend.tests.test_tilt_api.TestAnalyzeScreenEndpoint" name="test_analyze_screen_missing_image" time="0.002" /><testcase classname="backend.tests.test_tilt_api.TestGenerateDecisionsEndpoint" name="test_generate_decisions_basic" time="10.856" /><testcase classname="backend.tests.test_tilt_api.TestGenerateDecisionsEndpoint" name="test_generate_decisions_response_structure" time="9.365" /><testcase classname="backend.tests.test_tilt_api.TestGenerateDecisionsEndpoint" name="test_generate_decisions_with_context" time="7.189" /><testcase classname="backend.tests.test_tilt_api.TestGenerateDecisionsEndpoint" name="test_generate_decisions_with_preferences" time="9.513" /><testcase classname="backend.tests.test_tilt_api.TestGenerateDecisionsEndpoint" name="test_generate_decisions_with_all_params" time="7.125" /><testcase classname="backend.tests.test_tilt_api.TestGenerateDecisionsEndpoint" name="test_generate_decisions_missing_input_text" time="0.002" /><testcase classname="backend.tests.test_tilt_api.TestGuideStepEndpoint" name="test_guide_step_basic" time="2.682" /><testcase classname="backend.tests.test_tilt_api.TestGuideStepEndpoint" name="test_guide_step_region_coordinates" time="3.858" /><testcase classname="backend.tests.test_tilt_api.TestGuideStepEndpoint" name="test_guide_step_with_completed_steps" time="5.455" /><testcase classname="backend.tests.test_tilt_api.TestGuideStepEndpoint" name="test_guide_step_is_complete_flag" time="4.447" /><testcase classname="backend.tests.test_tilt_api.TestGuideStepEndpoint" name="test_guide_step_with_data_uri_prefix" time="4.986" /><testcase classname="backend.tests.test_tilt_api.TestGuideStepEndpoint" name="test_guide_step_missing_required_fields" time="0.009" /><testcase classname="backend.tests.test_tilt_api.TestIntegrationFlow" name="test_full_flow_analyze_then_decide" time="8.382" /></testsuite></testsuites>